2024-08-01 01:18:52,903 - root - INFO - ****Test Case Failed****
2024-08-01 01:19:51,032 - root - INFO - ****Test Case Failed****
2024-08-01 01:20:52,476 - root - INFO - ****Test Case Failed****
2024-08-01 01:33:23,407 - root - ERROR - Test Case failed
2024-08-01 01:34:55,338 - root - INFO - Test Case failed
2024-08-01 01:36:38,461 - root - INFO - Test Case failed
2024-08-01 01:38:11,232 - root - INFO - Test Case failed
2024-08-01 01:38:52,176 - root - INFO - Test Case failed
2024-08-01 01:40:05,992 - root - INFO - Test Case failed
2024-08-01 01:41:45,682 - root - INFO - Test Case failed
2024-08-01 01:42:21,700 - root - INFO - Test Case failed
2024-08-01 01:43:16,971 - root - INFO - Test Case failed
2024-08-01 01:46:40,998 - root - INFO - ****TEst case passed****
2024-08-01 10:24:33,296 - root - INFO - ****TEst case passed****
2024-08-01 20:23:34,332 - root - INFO - Test Case Passed
2024-08-01 20:23:44,782 - root - INFO - ****TEst case passed****
2024-08-01 20:24:50,951 - root - INFO - Test Case Passed
2024-08-01 20:25:02,296 - root - INFO - ****TEst case passed****
2024-08-01 20:31:49,515 - root - INFO - Test Case Passed
2024-08-01 20:32:05,054 - root - INFO - ****TEst case passed****
2024-08-01 20:34:30,626 - root - INFO - Test Case Passed
2024-08-01 20:34:41,278 - root - INFO - ****TEst case passed****
2024-08-01 20:38:03,516 - root - INFO - Test Case Passed
2024-08-01 20:38:14,615 - root - INFO - ****TEst case passed****
2024-08-01 23:06:39,752 - root - INFO - Test Case Passed
2024-08-01 23:16:54,752 - root - ERROR - Test Case Failed
2024-08-01 23:17:50,665 - root - ERROR - Test Case Failed
2024-08-01 23:20:40,232 - root - ERROR - Test Case Failed
2024-08-01 23:21:50,603 - root - ERROR - Test Case Failed
2024-08-01 23:29:34,831 - root - ERROR - Test Case Failed
2024-08-01 23:34:54,323 - root - ERROR - Test Case Failed
2024-08-01 23:35:17,785 - root - ERROR - Test Case Failed
2024-08-01 23:35:52,643 - root - ERROR - Test Case Failed
2024-08-01 23:37:48,675 - root - ERROR - Test Case Failed
2024-08-01 23:39:14,756 - root - ERROR - Test Case Failed
2024-08-01 23:40:32,012 - root - ERROR - Test Case Failed
2024-08-01 23:43:29,091 - root - ERROR - Test Case Failed
2024-08-02 00:07:55,682 - root - INFO - Test Case Passed
2024-08-02 00:08:46,420 - root - INFO - Test Case Passed
